<?xml version="1.0" encoding="UTF-8"?>
<testng-results skipped="0" failed="0" ignored="0" total="1" passed="1">
  <reporter-output>
  </reporter-output>
  <suite name="Default suite" duration-ms="2683" started-at="2019-02-10T17:56:58Z" finished-at="2019-02-10T17:57:00Z">
    <groups>
    </groups>
    <test name="Default test" duration-ms="2683" started-at="2019-02-10T17:56:58Z" finished-at="2019-02-10T17:57:00Z">
      <class name="com.qa.practice.TC04_Delete_Call_Request">
        <test-method status="PASS" signature="deleteCallTest()[pri:0, instance:com.qa.practice.TC04_Delete_Call_Request@457e2f02]" name="deleteCallTest" duration-ms="2644" started-at="2019-02-10T17:56:58Z" finished-at="2019-02-10T17:57:00Z">
          <reporter-output>
          </reporter-output>
        </test-method> <!-- deleteCallTest -->
      </class> <!-- com.qa.practice.TC04_Delete_Call_Request -->
    </test> <!-- Default test -->
  </suite> <!-- Default suite -->
</testng-results>
