<?xml version="1.0" encoding="UTF-8"?>
<!-- Generated by org.testng.reporters.JUnitXMLReporter -->
<testsuite hostname="DESKTOP-3SUJPVT" ignored="0" name="Test" tests="6" failures="1" timestamp="10 Feb 2019 17:54:05 GMT" time="8.238" errors="0">
  <testcase name="getRequestTest" time="5.724" classname="com.qa.practice.TC01_Get_Call_Request"/>
  <testcase name="deleteCallTest" time="0.04" classname="com.qa.practice.TC04_Delete_Call_Request"/>
  <testcase name="jsonPathTest" time="0.115" classname="com.qa.practice.TC06_JsonPath"/>
  <testcase name="put_CallTest" time="0.092" classname="com.qa.practice.TC03_Put_Call_Request">
    <failure type="java.lang.AssertionError" message="expected [200] but found [404]">
      <![CDATA[java.lang.AssertionError: expected [200] but found [404]
at com.qa.practice.TC03_Put_Call_Request.put_CallTest(TC03_Put_Call_Request.java:40)
... Removed 31 stack frames]]>
    </failure>
  </testcase> <!-- put_CallTest -->
  <testcase name="postRequestTest" time="2.134" classname="com.qa.practice.TC02_Post_Call_Request"/>
  <testcase name="headersVerifyTest" time="0.037" classname="com.qa.practice.TC05_Headers"/>
</testsuite> <!-- Test -->
